<?xml version="1.0" encoding="UTF-8"?>
<!-- Generated by org.testng.reporters.JUnitXMLReporter -->
<testsuite ignored="0" hostname="Leo" failures="1" tests="7" name="Edge Test" time="44.611" errors="0" timestamp="2026-04-08T11:13:53 IST">
  <testcase classname="tests.LoginTest" name="loginTest" time="1.034"/>
  <testcase classname="tests.LoginTest" name="loginTest" time="0.873"/>
  <testcase classname="tests.LoginTest" name="loginTest" time="1.405"/>
  <testcase classname="tests.LoginTest" name="loginTest" time="1.819"/>
  <testcase classname="tests.LoginTest" name="loginTest" time="1.291"/>
  <testcase classname="tests.EbayNavigationTest" name="searchAndNavigateTest" time="3.963">
    <failure type="java.lang.AssertionError" message="Search results page title does not contain &amp;apos;labtop&amp;apos; expected [true] but found [false]">
      <![CDATA[java.lang.AssertionError: Search results page title does not contain 'labtop' expected [true] but found [false]
at tests.EbayNavigationTest.searchAndNavigateTest(EbayNavigationTest.java:26)
at java.base/java.util.ArrayList.forEach(ArrayList.java:1596)
at java.base/java.util.concurrent.FutureTask.run(FutureTask.java:317)
at java.base/java.util.concurrent.ThreadPoolExecutor.runWorker(ThreadPoolExecutor.java:1144)
at java.base/java.util.concurrent.ThreadPoolExecutor$Worker.run(ThreadPoolExecutor.java:642)
at java.base/java.lang.Thread.run(Thread.java:1583)
... Removed 18 stack frames]]>
    </failure>
  </testcase> <!-- searchAndNavigateTest -->
  <testcase classname="tests.DragDropTest" name="dragAndDropTest" time="2.927"/>
</testsuite> <!-- Edge Test -->
