<?xml version="1.0" encoding="UTF-8"?>
<testng-results ignored="2" total="4" passed="2" failed="0" skipped="0">
  <reporter-output>
  </reporter-output>
  <suite started-at="2026-04-09T15:59:49 IST" name="Smoke Suite" finished-at="2026-04-09T15:59:58 IST" duration-ms="8617">
    <groups>
      <group name="smoke">
        <method signature="LoginTest.validLoginSmokeTest()[pri:0, instance:tests.LoginTest@53f3bdbd]" name="validLoginSmokeTest" class="tests.LoginTest"/>
        <method signature="LoginTest.validLoginSmokeTest()[pri:0, instance:tests.LoginTest@2e32ccc5]" name="validLoginSmokeTest" class="tests.LoginTest"/>
      </group> <!-- smoke -->
    </groups>
    <test started-at="2026-04-09T15:59:49 IST" name="Edge Smoke" finished-at="2026-04-09T15:59:58 IST" duration-ms="8615">
      <class name="tests.LoginTest">
        <test-method is-config="true" signature="setUp(java.lang.String,java.lang.reflect.Method)[pri:0, instance:tests.LoginTest@2e32ccc5]" started-at="2026-04-09T15:59:49 IST" name="setUp" finished-at="2026-04-09T15:59:52 IST" duration-ms="3094" status="PASS">
          <params>
            <param index="0">
              <value>
                <![CDATA[edge]]>
              </value>
            </param>
            <param index="1">
              <value>
                <![CDATA[public void tests.LoginTest.validLoginSmokeTest()]]>
              </value>
            </param>
          </params>
          <reporter-output>
          </reporter-output>
        </test-method> <!-- setUp -->
        <test-method signature="validLoginSmokeTest()[pri:0, instance:tests.LoginTest@2e32ccc5]" started-at="2026-04-09T15:59:52 IST" name="validLoginSmokeTest" finished-at="2026-04-09T15:59:57 IST" duration-ms="4464" status="PASS">
          <reporter-output>
          </reporter-output>
        </test-method> <!-- validLoginSmokeTest -->
        <test-method is-config="true" signature="tearDown(org.testng.ITestResult)[pri:0, instance:tests.LoginTest@2e32ccc5]" started-at="2026-04-09T15:59:57 IST" name="tearDown" finished-at="2026-04-09T15:59:58 IST" duration-ms="994" status="PASS">
          <params>
            <param index="0">
              <value>
                <![CDATA[[TestResult name=validLoginSmokeTest status=SUCCESS method=LoginTest.validLoginSmokeTest()[pri:0, instance:tests.LoginTest@2e32ccc5] output={null}]]]>
              </value>
            </param>
          </params>
          <reporter-output>
          </reporter-output>
        </test-method> <!-- tearDown -->
      </class> <!-- tests.LoginTest -->
    </test> <!-- Edge Smoke -->
    <test started-at="2026-04-09T15:59:49 IST" name="Chrome Smoke" finished-at="2026-04-09T15:59:58 IST" duration-ms="8617">
      <class name="tests.LoginTest">
        <test-method is-config="true" signature="setUp(java.lang.String,java.lang.reflect.Method)[pri:0, instance:tests.LoginTest@53f3bdbd]" started-at="2026-04-09T15:59:49 IST" name="setUp" finished-at="2026-04-09T15:59:52 IST" duration-ms="3104" status="PASS">
          <params>
            <param index="0">
              <value>
                <![CDATA[chrome]]>
              </value>
            </param>
            <param index="1">
              <value>
                <![CDATA[public void tests.LoginTest.validLoginSmokeTest()]]>
              </value>
            </param>
          </params>
          <reporter-output>
          </reporter-output>
        </test-method> <!-- setUp -->
        <test-method signature="validLoginSmokeTest()[pri:0, instance:tests.LoginTest@53f3bdbd]" started-at="2026-04-09T15:59:52 IST" name="validLoginSmokeTest" finished-at="2026-04-09T15:59:57 IST" duration-ms="4542" status="PASS">
          <reporter-output>
          </reporter-output>
        </test-method> <!-- validLoginSmokeTest -->
        <test-method is-config="true" signature="tearDown(org.testng.ITestResult)[pri:0, instance:tests.LoginTest@53f3bdbd]" started-at="2026-04-09T15:59:57 IST" name="tearDown" finished-at="2026-04-09T15:59:58 IST" duration-ms="905" status="PASS">
          <params>
            <param index="0">
              <value>
                <![CDATA[[TestResult name=validLoginSmokeTest status=SUCCESS method=LoginTest.validLoginSmokeTest()[pri:0, instance:tests.LoginTest@53f3bdbd] output={null}]]]>
              </value>
            </param>
          </params>
          <reporter-output>
          </reporter-output>
        </test-method> <!-- tearDown -->
      </class> <!-- tests.LoginTest -->
    </test> <!-- Chrome Smoke -->
  </suite> <!-- Smoke Suite -->
</testng-results>
